<?xml version="1.0" encoding="UTF-8"?>
<!-- Generated by org.testng.reporters.JUnitReportReporter -->
<testsuite hostname="Tester1-PC" name="test.Testnew" tests="1" failures="1" timestamp="18 Dec 2014 10:14:52 GMT" time="52.124" errors="0">
  <testcase name="Googletest" time="52.124" classname="test.Testnew">
    <failure type="org.openqa.selenium.WebDriverException" message="Failed to connect to binary FirefoxBinary(C:\Program Files (x86)\Mozilla Firefox\firefox.exe) on port 7055; process output follows: 
	Calling shutdown blocker for XPIProvider
1418897646095	addons.xpi	DEBUG	shutdown
1418897646095	addons.xpi-utils	DEBUG	shutdown
1418897646095	addons.manager	DEBUG	Calling shutdown blocker for LightweightThemeManager
1418897646095	addons.manager	DEBUG	Calling shutdown blocker for OpenH264Provider
1418897646096	addons.manager	DEBUG	Calling shutdown blocker for PluginProvider
1418897646578	DeferredSave.extensions.json	DEBUG	Write succeeded
1418897646578	addons.xpi-utils	DEBUG	XPI Database saved, setting schema version preference to 16
1418897646578	addons.xpi	DEBUG	Notifying XPI shutdown observers
1418897646583	addons.manager	DEBUG	Async provider shutdown done
1418897647058	addons.manager	DEBUG	Loaded provider scope for resource://gre/modules/addons/XPIProvider.jsm: [&quot;XPIProvider&quot;]
1418897647059	addons.manager	DEBUG	Loaded provider scope for resource://gre/modules/LightweightThemeManager.jsm: [&quot;LightweightThemeManager&quot;]
1418897647061	addons.xpi	DEBUG	startup
1418897647061	addons.xpi	INFO	Mapping fxdriver@googlecode.com to C:\Users\Tester1\AppData\Local\Temp\anonymous4426018622362208735webdriver-profile\extensions\fxdriver@googlecode.com
1418897647062	addons.xpi	DEBUG	Ignoring file entry whose name is not a valid add-on ID: C:\Users\Tester1\AppData\Local\Temp\anonymous4426018622362208735webdriver-profile\extensions\webdriver-staging
1418897647062	addons.xpi	INFO	Mapping {972ce4c6-7e08-4474-a285-3208198ce6fd} to C:\Program Files (x86)\Mozilla Firefox\browser\extensions\{972ce4c6-7e08-4474-a285-3208198ce6fd}
1418897647062	addons.xpi	DEBUG	Skipping unavailable install location app-system-share
1418897647062	addons.xpi	DEBUG	Skipping unavailable install location app-system-local
1418897647063	addons.xpi	DEBUG	checkForChanges
1418897647063	addons.xpi	DEBUG	Loaded add-on state from prefs: {&quot;app-profile&quot;:{&quot;fxdriver@googlecode.com&quot;:{&quot;d&quot;:&quot;C:\\Users\\Tester1\\AppData\\Local\\Temp\\anonymous4426018622362208735webdriver-profile\\extensions\\fxdriver@googlecode.com&quot;,&quot;e&quot;:false,&quot;v&quot;:&quot;2.40.0&quot;,&quot;st&quot;:1418897644073,&quot;mt&quot;:1418897644004}},&quot;app-global&quot;:{&quot;{972ce4c6-7e08-4474-a285-3208198ce6fd}&quot;:{&quot;d&quot;:&quot;C:\\Program Files (x86)\\Mozilla Firefox\\browser\\extensions\\{972ce4c6-7e08-4474-a285-3208198ce6fd}&quot;,&quot;e&quot;:true,&quot;v&quot;:&quot;35.0&quot;,&quot;st&quot;:1418887448056,&quot;mt&quot;:1418768858000}}}
1418897647064	addons.xpi	DEBUG	getModTime: Recursive scan of {972ce4c6-7e08-4474-a285-3208198ce6fd}
1418897647064	addons.xpi	DEBUG	getInstallState changed: false, state: {&quot;app-profile&quot;:{&quot;fxdriver@googlecode.com&quot;:{&quot;d&quot;:&quot;C:\\Users\\Tester1\\AppData\\Local\\Temp\\anonymous4426018622362208735webdriver-profile\\extensions\\fxdriver@googlecode.com&quot;,&quot;e&quot;:false,&quot;v&quot;:&quot;2.40.0&quot;,&quot;st&quot;:1418897644073,&quot;mt&quot;:1418897644004}},&quot;app-global&quot;:{&quot;{972ce4c6-7e08-4474-a285-3208198ce6fd}&quot;:{&quot;d&quot;:&quot;C:\\Program Files (x86)\\Mozilla Firefox\\browser\\extensions\\{972ce4c6-7e08-4474-a285-3208198ce6fd}&quot;,&quot;e&quot;:true,&quot;v&quot;:&quot;35.0&quot;,&quot;st&quot;:1418887448056,&quot;mt&quot;:1418768858000}}}
1418897647065	addons.xpi	DEBUG	No changes found
1418897647067	addons.manager	DEBUG	Registering shutdown blocker for XPIProvider
1418897647067	addons.manager	DEBUG	Registering shutdown blocker for LightweightThemeManager
1418897647068	addons.manager	DEBUG	Registering shutdown blocker for OpenH264Provider
1418897647068	addons.manager	DEBUG	Registering shutdown blocker for PluginProvider
*** Blocklist::_preloadBlocklistFile: blocklist is disabled
1418897647957	addons.manager	DEBUG	Registering shutdown blocker for &lt;unnamed-provider&gt;
1418897665675	addons.manager	DEBUG	shutdown
1418897665675	addons.manager	DEBUG	Calling shutdown blocker for XPIProvider
1418897665675	addons.xpi	DEBUG	shutdown
1418897665675	addons.xpi	DEBUG	Notifying XPI shutdown observers
1418897665675	addons.manager	DEBUG	Calling shutdown blocker for LightweightThemeManager
1418897665676	addons.manager	DEBUG	Calling shutdown blocker for OpenH264Provider
1418897665676	addons.manager	DEBUG	Calling shutdown blocker for PluginProvider
1418897665677	addons.manager	DEBUG	Calling shutdown blocker for &lt;unnamed-provider&gt;
1418897665681	addons.manager	DEBUG	Async provider shutdown done

Build info: version: &#039;unknown&#039;, revision: &#039;unknown&#039;, time: &#039;unknown&#039;
System info: os.name: &#039;Windows 7&#039;, os.arch: &#039;amd64&#039;, os.version: &#039;6.1&#039;, java.version: &#039;1.7.0_71&#039;
Driver info: driver.version: FirefoxDriver">
      <![CDATA[org.openqa.selenium.WebDriverException: Failed to connect to binary FirefoxBinary(C:\Program Files (x86)\Mozilla Firefox\firefox.exe) on port 7055; process output follows: 
	Calling shutdown blocker for XPIProvider
1418897646095	addons.xpi	DEBUG	shutdown
1418897646095	addons.xpi-utils	DEBUG	shutdown
1418897646095	addons.manager	DEBUG	Calling shutdown blocker for LightweightThemeManager
1418897646095	addons.manager	DEBUG	Calling shutdown blocker for OpenH264Provider
1418897646096	addons.manager	DEBUG	Calling shutdown blocker for PluginProvider
1418897646578	DeferredSave.extensions.json	DEBUG	Write succeeded
1418897646578	addons.xpi-utils	DEBUG	XPI Database saved, setting schema version preference to 16
1418897646578	addons.xpi	DEBUG	Notifying XPI shutdown observers
1418897646583	addons.manager	DEBUG	Async provider shutdown done
1418897647058	addons.manager	DEBUG	Loaded provider scope for resource://gre/modules/addons/XPIProvider.jsm: ["XPIProvider"]
1418897647059	addons.manager	DEBUG	Loaded provider scope for resource://gre/modules/LightweightThemeManager.jsm: ["LightweightThemeManager"]
1418897647061	addons.xpi	DEBUG	startup
1418897647061	addons.xpi	INFO	Mapping fxdriver@googlecode.com to C:\Users\Tester1\AppData\Local\Temp\anonymous4426018622362208735webdriver-profile\extensions\fxdriver@googlecode.com
1418897647062	addons.xpi	DEBUG	Ignoring file entry whose name is not a valid add-on ID: C:\Users\Tester1\AppData\Local\Temp\anonymous4426018622362208735webdriver-profile\extensions\webdriver-staging
1418897647062	addons.xpi	INFO	Mapping {972ce4c6-7e08-4474-a285-3208198ce6fd} to C:\Program Files (x86)\Mozilla Firefox\browser\extensions\{972ce4c6-7e08-4474-a285-3208198ce6fd}
1418897647062	addons.xpi	DEBUG	Skipping unavailable install location app-system-share
1418897647062	addons.xpi	DEBUG	Skipping unavailable install location app-system-local
1418897647063	addons.xpi	DEBUG	checkForChanges
1418897647063	addons.xpi	DEBUG	Loaded add-on state from prefs: {"app-profile":{"fxdriver@googlecode.com":{"d":"C:\\Users\\Tester1\\AppData\\Local\\Temp\\anonymous4426018622362208735webdriver-profile\\extensions\\fxdriver@googlecode.com","e":false,"v":"2.40.0","st":1418897644073,"mt":1418897644004}},"app-global":{"{972ce4c6-7e08-4474-a285-3208198ce6fd}":{"d":"C:\\Program Files (x86)\\Mozilla Firefox\\browser\\extensions\\{972ce4c6-7e08-4474-a285-3208198ce6fd}","e":true,"v":"35.0","st":1418887448056,"mt":1418768858000}}}
1418897647064	addons.xpi	DEBUG	getModTime: Recursive scan of {972ce4c6-7e08-4474-a285-3208198ce6fd}
1418897647064	addons.xpi	DEBUG	getInstallState changed: false, state: {"app-profile":{"fxdriver@googlecode.com":{"d":"C:\\Users\\Tester1\\AppData\\Local\\Temp\\anonymous4426018622362208735webdriver-profile\\extensions\\fxdriver@googlecode.com","e":false,"v":"2.40.0","st":1418897644073,"mt":1418897644004}},"app-global":{"{972ce4c6-7e08-4474-a285-3208198ce6fd}":{"d":"C:\\Program Files (x86)\\Mozilla Firefox\\browser\\extensions\\{972ce4c6-7e08-4474-a285-3208198ce6fd}","e":true,"v":"35.0","st":1418887448056,"mt":1418768858000}}}
1418897647065	addons.xpi	DEBUG	No changes found
1418897647067	addons.manager	DEBUG	Registering shutdown blocker for XPIProvider
1418897647067	addons.manager	DEBUG	Registering shutdown blocker for LightweightThemeManager
1418897647068	addons.manager	DEBUG	Registering shutdown blocker for OpenH264Provider
1418897647068	addons.manager	DEBUG	Registering shutdown blocker for PluginProvider
*** Blocklist::_preloadBlocklistFile: blocklist is disabled
1418897647957	addons.manager	DEBUG	Registering shutdown blocker for <unnamed-provider>
1418897665675	addons.manager	DEBUG	shutdown
1418897665675	addons.manager	DEBUG	Calling shutdown blocker for XPIProvider
1418897665675	addons.xpi	DEBUG	shutdown
1418897665675	addons.xpi	DEBUG	Notifying XPI shutdown observers
1418897665675	addons.manager	DEBUG	Calling shutdown blocker for LightweightThemeManager
1418897665676	addons.manager	DEBUG	Calling shutdown blocker for OpenH264Provider
1418897665676	addons.manager	DEBUG	Calling shutdown blocker for PluginProvider
1418897665677	addons.manager	DEBUG	Calling shutdown blocker for <unnamed-provider>
1418897665681	addons.manager	DEBUG	Async provider shutdown done

Build info: version: 'unknown', revision: 'unknown', time: 'unknown'
System info: os.name: 'Windows 7', os.arch: 'amd64', os.version: '6.1', java.version: '1.7.0_71'
Driver info: driver.version: FirefoxDriver
	at org.openqa.selenium.firefox.internal.NewProfileExtensionConnection.start(NewProfileExtensionConnection.java:130)
	at org.openqa.selenium.firefox.FirefoxDriver.startClient(FirefoxDriver.java:247)
	at org.openqa.selenium.remote.RemoteWebDriver.<init>(RemoteWebDriver.java:110)
	at org.openqa.selenium.firefox.FirefoxDriver.<init>(FirefoxDriver.java:194)
	at org.openqa.selenium.firefox.FirefoxDriver.<init>(FirefoxDriver.java:187)
	at org.openqa.selenium.firefox.FirefoxDriver.<init>(FirefoxDriver.java:183)
	at org.openqa.selenium.firefox.FirefoxDriver.<init>(FirefoxDriver.java:96)
	at test.Testnew.Googletest(Testnew.java:11)
	at sun.reflect.NativeMethodAccessorImpl.invoke0(Native Method)
	at sun.reflect.NativeMethodAccessorImpl.invoke(Unknown Source)
	at sun.reflect.DelegatingMethodAccessorImpl.invoke(Unknown Source)
	at java.lang.reflect.Method.invoke(Unknown Source)
	at org.testng.internal.MethodInvocationHelper.invokeMethod(MethodInvocationHelper.java:84)
	at org.testng.internal.Invoker.invokeMethod(Invoker.java:714)
	at org.testng.internal.Invoker.invokeTestMethod(Invoker.java:901)
	at org.testng.internal.Invoker.invokeTestMethods(Invoker.java:1231)
	at org.testng.internal.TestMethodWorker.invokeTestMethods(TestMethodWorker.java:127)
	at org.testng.internal.TestMethodWorker.run(TestMethodWorker.java:111)
	at org.testng.TestRunner.privateRun(TestRunner.java:767)
	at org.testng.TestRunner.run(TestRunner.java:617)
	at org.testng.SuiteRunner.runTest(SuiteRunner.java:334)
	at org.testng.SuiteRunner.runSequentially(SuiteRunner.java:329)
	at org.testng.SuiteRunner.privateRun(SuiteRunner.java:291)
	at org.testng.SuiteRunner.run(SuiteRunner.java:240)
	at org.testng.SuiteRunnerWorker.runSuite(SuiteRunnerWorker.java:52)
	at org.testng.SuiteRunnerWorker.run(SuiteRunnerWorker.java:86)
	at org.testng.TestNG.runSuitesSequentially(TestNG.java:1224)
	at org.testng.TestNG.runSuitesLocally(TestNG.java:1149)
	at org.testng.TestNG.run(TestNG.java:1057)
	at org.testng.remote.RemoteTestNG.run(RemoteTestNG.java:111)
	at org.testng.remote.RemoteTestNG.initAndRun(RemoteTestNG.java:204)
	at org.testng.remote.RemoteTestNG.main(RemoteTestNG.java:175)
Caused by: org.openqa.selenium.firefox.NotConnectedException: Unable to connect to host 127.0.0.1 on port 7055 after 45000 ms. Firefox console output:
	Calling shutdown blocker for XPIProvider
1418897646095	addons.xpi	DEBUG	shutdown
1418897646095	addons.xpi-utils	DEBUG	shutdown
1418897646095	addons.manager	DEBUG	Calling shutdown blocker for LightweightThemeManager
1418897646095	addons.manager	DEBUG	Calling shutdown blocker for OpenH264Provider
1418897646096	addons.manager	DEBUG	Calling shutdown blocker for PluginProvider
1418897646578	DeferredSave.extensions.json	DEBUG	Write succeeded
1418897646578	addons.xpi-utils	DEBUG	XPI Database saved, setting schema version preference to 16
1418897646578	addons.xpi	DEBUG	Notifying XPI shutdown observers
1418897646583	addons.manager	DEBUG	Async provider shutdown done
1418897647058	addons.manager	DEBUG	Loaded provider scope for resource://gre/modules/addons/XPIProvider.jsm: ["XPIProvider"]
1418897647059	addons.manager	DEBUG	Loaded provider scope for resource://gre/modules/LightweightThemeManager.jsm: ["LightweightThemeManager"]
1418897647061	addons.xpi	DEBUG	startup
1418897647061	addons.xpi	INFO	Mapping fxdriver@googlecode.com to C:\Users\Tester1\AppData\Local\Temp\anonymous4426018622362208735webdriver-profile\extensions\fxdriver@googlecode.com
1418897647062	addons.xpi	DEBUG	Ignoring file entry whose name is not a valid add-on ID: C:\Users\Tester1\AppData\Local\Temp\anonymous4426018622362208735webdriver-profile\extensions\webdriver-staging
1418897647062	addons.xpi	INFO	Mapping {972ce4c6-7e08-4474-a285-3208198ce6fd} to C:\Program Files (x86)\Mozilla Firefox\browser\extensions\{972ce4c6-7e08-4474-a285-3208198ce6fd}
1418897647062	addons.xpi	DEBUG	Skipping unavailable install location app-system-share
1418897647062	addons.xpi	DEBUG	Skipping unavailable install location app-system-local
1418897647063	addons.xpi	DEBUG	checkForChanges
1418897647063	addons.xpi	DEBUG	Loaded add-on state from prefs: {"app-profile":{"fxdriver@googlecode.com":{"d":"C:\\Users\\Tester1\\AppData\\Local\\Temp\\anonymous4426018622362208735webdriver-profile\\extensions\\fxdriver@googlecode.com","e":false,"v":"2.40.0","st":1418897644073,"mt":1418897644004}},"app-global":{"{972ce4c6-7e08-4474-a285-3208198ce6fd}":{"d":"C:\\Program Files (x86)\\Mozilla Firefox\\browser\\extensions\\{972ce4c6-7e08-4474-a285-3208198ce6fd}","e":true,"v":"35.0","st":1418887448056,"mt":1418768858000}}}
1418897647064	addons.xpi	DEBUG	getModTime: Recursive scan of {972ce4c6-7e08-4474-a285-3208198ce6fd}
1418897647064	addons.xpi	DEBUG	getInstallState changed: false, state: {"app-profile":{"fxdriver@googlecode.com":{"d":"C:\\Users\\Tester1\\AppData\\Local\\Temp\\anonymous4426018622362208735webdriver-profile\\extensions\\fxdriver@googlecode.com","e":false,"v":"2.40.0","st":1418897644073,"mt":1418897644004}},"app-global":{"{972ce4c6-7e08-4474-a285-3208198ce6fd}":{"d":"C:\\Program Files (x86)\\Mozilla Firefox\\browser\\extensions\\{972ce4c6-7e08-4474-a285-3208198ce6fd}","e":true,"v":"35.0","st":1418887448056,"mt":1418768858000}}}
1418897647065	addons.xpi	DEBUG	No changes found
1418897647067	addons.manager	DEBUG	Registering shutdown blocker for XPIProvider
1418897647067	addons.manager	DEBUG	Registering shutdown blocker for LightweightThemeManager
1418897647068	addons.manager	DEBUG	Registering shutdown blocker for OpenH264Provider
1418897647068	addons.manager	DEBUG	Registering shutdown blocker for PluginProvider
*** Blocklist::_preloadBlocklistFile: blocklist is disabled
1418897647957	addons.manager	DEBUG	Registering shutdown blocker for <unnamed-provider>
1418897665675	addons.manager	DEBUG	shutdown
1418897665675	addons.manager	DEBUG	Calling shutdown blocker for XPIProvider
1418897665675	addons.xpi	DEBUG	shutdown
1418897665675	addons.xpi	DEBUG	Notifying XPI shutdown observers
1418897665675	addons.manager	DEBUG	Calling shutdown blocker for LightweightThemeManager
1418897665676	addons.manager	DEBUG	Calling shutdown blocker for OpenH264Provider
1418897665676	addons.manager	DEBUG	Calling shutdown blocker for PluginProvider
1418897665677	addons.manager	DEBUG	Calling shutdown blocker for <unnamed-provider>
1418897665681	addons.manager	DEBUG	Async provider shutdown done

	at org.openqa.selenium.firefox.internal.NewProfileExtensionConnection.start(NewProfileExtensionConnection.java:118)
	... 31 more
]]>
    </failure>
  </testcase> <!-- Googletest -->
</testsuite> <!-- test.Testnew -->
